<?xml version="1.0" encoding="UTF-8"?>
<!-- Generated by org.testng.reporters.JUnitReportReporter -->
<testsuite hostname="Nuvobook_V1" failures="0" tests="3" name="Posthook_mock_server.Posthook_Mock_Server" time="2.174" errors="0" timestamp="2024-07-15T15:37:12 IST" skipped="2">
  <testcase classname="Posthook_mock_server.Posthook_Mock_Server" name="put" time="2.174"/>
  <system-out/>
  <testcase classname="Posthook_mock_server.Posthook_Mock_Server" name="Schedule_a_Hook">
    <skipped/>
  </testcase> <!-- Schedule_a_Hook -->
  <system-out/>
  <testcase classname="Posthook_mock_server.Posthook_Mock_Server" name="Get_Hooks">
    <skipped/>
  </testcase> <!-- Get_Hooks -->
  <system-out/>
</testsuite> <!-- Posthook_mock_server.Posthook_Mock_Server -->
